TN:
SF:src\anagram.js
FN:1,(anonymous_0)
FN:5,formatStr
FNF:2
FNH:2
FNDA:2,(anonymous_0)
FNDA:4,formatStr
DA:1,1
DA:2,2
DA:6,4
DA:9,1
LF:4
LH:4
BRF:0
BRH:0
end_of_record
TN:
SF:src\banco.js
FN:2,(anonymous_0)
FN:9,(anonymous_1)
FN:16,(anonymous_2)
FN:26,(anonymous_3)
FN:33,(anonymous_4)
FN:38,(anonymous_5)
FN:43,(anonymous_6)
FN:48,(anonymous_7)
FN:56,(anonymous_8)
FN:64,(anonymous_9)
FN:71,(anonymous_10)
FN:73,(anonymous_11)
FN:74,(anonymous_12)
FNF:13
FNH:13
FNDA:9,(anonymous_0)
FNDA:4,(anonymous_1)
FNDA:4,(anonymous_2)
FNDA:1,(anonymous_3)
FNDA:2,(anonymous_4)
FNDA:5,(anonymous_5)
FNDA:1,(anonymous_6)
FNDA:2,(anonymous_7)
FNDA:2,(anonymous_8)
FNDA:1,(anonymous_9)
FNDA:1,(anonymous_10)
FNDA:3,(anonymous_11)
FNDA:2,(anonymous_12)
DA:3,9
DA:4,9
DA:5,9
DA:10,4
DA:11,4
DA:12,4
DA:17,4
DA:18,1
DA:20,3
DA:21,3
DA:22,3
DA:27,1
DA:28,1
DA:29,1
DA:34,2
DA:39,5
DA:44,1
DA:49,2
DA:50,1
DA:52,1
DA:57,2
DA:58,2
DA:59,2
DA:60,2
DA:65,1
DA:66,1
DA:67,1
DA:72,1
DA:73,3
DA:74,2
DA:79,1
LF:31
LH:31
BRDA:2,0,0,0
BRDA:17,1,0,1
BRDA:17,1,1,3
BRDA:49,2,0,1
BRDA:49,2,1,1
BRF:5
BRH:4
end_of_record
TN:
SF:src\calculator.js
FN:1,(anonymous_0)
FN:5,(anonymous_1)
FN:9,(anonymous_2)
FN:13,(anonymous_3)
FNF:4
FNH:4
FNDA:1,(anonymous_0)
FNDA:1,(anonymous_1)
FNDA:1,(anonymous_2)
FNDA:1,(anonymous_3)
DA:1,1
DA:2,1
DA:5,1
DA:6,1
DA:9,1
DA:10,1
DA:13,1
DA:14,1
DA:17,1
LF:9
LH:9
BRF:0
BRH:0
end_of_record
TN:
SF:src\carro.js
FN:2,(anonymous_0)
FN:9,(anonymous_1)
FN:15,(anonymous_2)
FNF:3
FNH:3
FNDA:4,(anonymous_0)
FNDA:4,(anonymous_1)
FNDA:1,(anonymous_2)
DA:3,4
DA:4,4
DA:5,4
DA:6,4
DA:10,4
DA:11,2
DA:16,1
DA:20,1
LF:8
LH:8
BRDA:10,0,0,2
BRDA:10,0,1,2
BRF:2
BRH:2
end_of_record
TN:
SF:src\cnh.js
FN:1,(anonymous_0)
FNF:1
FNH:1
FNDA:2,(anonymous_0)
DA:1,1
DA:2,2
DA:5,1
LF:3
LH:3
BRF:0
BRH:0
end_of_record
TN:
SF:src\contaBancaria.js
FN:2,(anonymous_0)
FN:6,(anonymous_1)
FN:10,(anonymous_2)
FN:14,(anonymous_3)
FN:18,(anonymous_4)
FN:22,(anonymous_5)
FN:26,(anonymous_6)
FN:34,(anonymous_7)
FN:46,(anonymous_8)
FN:53,(anonymous_9)
FN:60,(anonymous_10)
FN:67,(anonymous_11)
FN:74,(anonymous_12)
FN:79,(anonymous_13)
FN:86,(anonymous_14)
FN:93,(anonymous_15)
FN:97,(anonymous_16)
FN:107,(anonymous_17)
FN:111,(anonymous_18)
FN:121,(anonymous_19)
FN:133,(anonymous_20)
FNF:21
FNH:21
FNDA:14,(anonymous_0)
FNDA:5,(anonymous_1)
FNDA:2,(anonymous_2)
FNDA:3,(anonymous_3)
FNDA:1,(anonymous_4)
FNDA:2,(anonymous_5)
FNDA:2,(anonymous_6)
FNDA:6,(anonymous_7)
FNDA:2,(anonymous_8)
FNDA:2,(anonymous_9)
FNDA:2,(anonymous_10)
FNDA:2,(anonymous_11)
FNDA:4,(anonymous_12)
FNDA:2,(anonymous_13)
FNDA:2,(anonymous_14)
FNDA:1,(anonymous_15)
FNDA:2,(anonymous_16)
FNDA:2,(anonymous_17)
FNDA:1,(anonymous_18)
FNDA:3,(anonymous_19)
FNDA:1,(anonymous_20)
DA:3,14
DA:7,5
DA:11,2
DA:15,3
DA:19,1
DA:23,2
DA:27,2
DA:29,1
DA:30,1
DA:31,1
DA:35,6
DA:37,5
DA:39,5
DA:41,4
DA:42,4
DA:43,4
DA:47,2
DA:49,1
DA:50,1
DA:54,2
DA:56,1
DA:57,1
DA:61,2
DA:63,1
DA:64,1
DA:68,2
DA:70,1
DA:71,1
DA:75,4
DA:76,4
DA:80,2
DA:82,1
DA:83,1
DA:87,2
DA:89,1
DA:90,1
DA:94,1
DA:98,2
DA:100,1
DA:101,1
DA:103,1
DA:104,1
DA:108,2
DA:112,1
DA:122,3
DA:123,2
DA:124,2
DA:125,2
DA:126,2
DA:127,1
DA:130,1
DA:134,1
DA:135,1
DA:136,1
DA:137,1
DA:141,1
LF:56
LH:56
BRDA:27,0,0,1
BRDA:27,0,1,1
BRDA:35,1,0,1
BRDA:35,1,1,5
BRDA:39,2,0,1
BRDA:39,2,1,4
BRDA:47,3,0,1
BRDA:47,3,1,1
BRDA:54,4,0,1
BRDA:54,4,1,1
BRDA:61,5,0,1
BRDA:61,5,1,1
BRDA:68,6,0,1
BRDA:68,6,1,1
BRDA:76,7,0,4
BRDA:76,7,1,4
BRDA:80,8,0,1
BRDA:80,8,1,1
BRDA:87,9,0,1
BRDA:87,9,1,1
BRDA:98,10,0,1
BRDA:98,10,1,1
BRDA:101,11,0,0
BRDA:101,11,1,1
BRDA:122,12,0,1
BRDA:122,12,1,2
BRDA:123,13,0,0
BRDA:123,13,1,2
BRDA:124,14,0,0
BRDA:124,14,1,2
BRDA:125,15,0,0
BRDA:125,15,1,2
BRDA:126,16,0,1
BRDA:126,16,1,1
BRF:34
BRH:30
end_of_record
TN:
SF:src\lista.js
FN:2,(anonymous_0)
FN:6,(anonymous_1)
FN:10,(anonymous_2)
FN:18,(anonymous_3)
FNF:4
FNH:4
FNDA:3,(anonymous_0)
FNDA:3,(anonymous_1)
FNDA:2,(anonymous_2)
FNDA:2,(anonymous_3)
DA:3,3
DA:7,3
DA:11,2
DA:12,2
DA:13,1
DA:15,1
DA:19,2
DA:23,1
LF:8
LH:8
BRDA:12,0,0,1
BRDA:12,0,1,1
BRF:2
BRH:2
end_of_record
TN:
SF:src\oficinaMecanica.js
FN:26,(anonymous_0)
FN:42,(anonymous_1)
FN:54,(anonymous_2)
FN:65,(anonymous_3)
FN:86,(anonymous_4)
FN:88,(anonymous_5)
FN:101,(anonymous_6)
FN:103,(anonymous_7)
FN:111,(anonymous_8)
FN:120,(anonymous_9)
FN:130,(anonymous_10)
FN:146,(anonymous_11)
FN:162,(anonymous_12)
FN:172,(anonymous_13)
FN:182,(anonymous_14)
FN:199,(anonymous_15)
FN:200,(anonymous_16)
FN:210,(anonymous_17)
FN:228,(anonymous_18)
FN:243,(anonymous_19)
FN:254,(anonymous_20)
FN:263,(anonymous_21)
FN:273,(anonymous_22)
FN:283,(anonymous_23)
FN:292,(anonymous_24)
FN:296,(anonymous_25)
FN:306,(anonymous_26)
FNF:27
FNH:27
FNDA:43,(anonymous_0)
FNDA:27,(anonymous_1)
FNDA:23,(anonymous_2)
FNDA:11,(anonymous_3)
FNDA:2,(anonymous_4)
FNDA:1,(anonymous_5)
FNDA:12,(anonymous_6)
FNDA:5,(anonymous_7)
FNDA:4,(anonymous_8)
FNDA:2,(anonymous_9)
FNDA:9,(anonymous_10)
FNDA:3,(anonymous_11)
FNDA:4,(anonymous_12)
FNDA:2,(anonymous_13)
FNDA:14,(anonymous_14)
FNDA:4,(anonymous_15)
FNDA:7,(anonymous_16)
FNDA:4,(anonymous_17)
FNDA:5,(anonymous_18)
FNDA:4,(anonymous_19)
FNDA:2,(anonymous_20)
FNDA:1,(anonymous_21)
FNDA:3,(anonymous_22)
FNDA:3,(anonymous_23)
FNDA:2,(anonymous_24)
FNDA:2,(anonymous_25)
FNDA:2,(anonymous_26)
DA:27,43
DA:28,4
DA:30,39
DA:31,39
DA:32,39
DA:33,39
DA:34,39
DA:35,39
DA:43,27
DA:44,1
DA:46,26
DA:47,4
DA:55,23
DA:66,11
DA:67,1
DA:69,10
DA:70,1
DA:72,9
DA:73,9
DA:74,1
DA:76,8
DA:77,8
DA:87,2
DA:88,2
DA:89,2
DA:90,1
DA:92,1
DA:93,1
DA:102,12
DA:103,12
DA:112,4
DA:121,2
DA:131,9
DA:132,1
DA:134,8
DA:135,6
DA:136,6
DA:137,6
DA:147,3
DA:148,2
DA:149,2
DA:150,2
DA:151,1
DA:153,1
DA:154,1
DA:163,4
DA:164,4
DA:173,2
DA:183,14
DA:184,1
DA:186,13
DA:187,1
DA:189,12
DA:190,11
DA:191,11
DA:200,7
DA:211,4
DA:212,1
DA:214,3
DA:215,2
DA:217,1
DA:218,1
DA:229,5
DA:230,2
DA:232,3
DA:233,3
DA:234,3
DA:244,4
DA:245,3
DA:246,3
DA:255,2
DA:264,1
DA:265,1
DA:274,3
DA:275,3
DA:284,3
DA:293,2
DA:294,1
DA:296,1
DA:297,2
DA:307,2
DA:308,1
DA:310,1
DA:316,1
LF:84
LH:84
BRDA:27,0,0,4
BRDA:27,0,1,39
BRDA:27,1,0,43
BRDA:27,1,1,41
BRDA:43,2,0,1
BRDA:43,2,1,26
BRDA:43,3,0,27
BRDA:43,3,1,26
BRDA:46,4,0,4
BRDA:46,4,1,22
BRDA:66,5,0,1
BRDA:66,5,1,10
BRDA:66,6,0,11
BRDA:66,6,1,11
BRDA:69,7,0,1
BRDA:69,7,1,9
BRDA:69,8,0,10
BRDA:69,8,1,10
BRDA:73,9,0,1
BRDA:73,9,1,8
BRDA:89,10,0,1
BRDA:89,10,1,1
BRDA:131,11,0,1
BRDA:131,11,1,8
BRDA:131,12,0,9
BRDA:131,12,1,9
BRDA:136,13,0,6
BRDA:136,13,1,5
BRDA:148,14,0,2
BRDA:148,14,1,0
BRDA:149,15,0,2
BRDA:149,15,1,0
BRDA:150,16,0,1
BRDA:150,16,1,1
BRDA:163,17,0,4
BRDA:163,17,1,0
BRDA:164,18,0,4
BRDA:164,18,1,1
BRDA:183,19,0,1
BRDA:183,19,1,13
BRDA:186,20,0,1
BRDA:186,20,1,12
BRDA:186,21,0,13
BRDA:186,21,1,13
BRDA:211,22,0,1
BRDA:211,22,1,3
BRDA:211,23,0,4
BRDA:211,23,1,3
BRDA:214,24,0,2
BRDA:214,24,1,1
BRDA:214,25,0,3
BRDA:214,25,1,2
BRDA:229,26,0,2
BRDA:229,26,1,3
BRDA:229,27,0,5
BRDA:229,27,1,4
BRDA:293,28,0,1
BRDA:293,28,1,1
BRDA:297,29,0,1
BRDA:297,29,1,1
BRDA:307,30,0,1
BRDA:307,30,1,1
BRF:62
BRH:59
end_of_record
TN:
SF:src\pessoa.js
FN:2,(anonymous_0)
FN:7,(anonymous_1)
FN:11,(anonymous_2)
FNF:3
FNH:3
FNDA:4,(anonymous_0)
FNDA:2,(anonymous_1)
FNDA:2,(anonymous_2)
DA:3,4
DA:4,4
DA:8,2
DA:12,2
DA:16,1
LF:5
LH:5
BRF:0
BRH:0
end_of_record
TN:
SF:src\textoUtils.js
FN:3,(anonymous_0)
FN:8,(anonymous_1)
FN:14,(anonymous_2)
FN:17,(anonymous_3)
FN:26,(anonymous_4)
FN:32,(anonymous_5)
FN:37,(anonymous_6)
FN:48,(anonymous_7)
FN:57,(anonymous_8)
FN:63,(anonymous_9)
FN:68,(anonymous_10)
FNF:11
FNH:10
FNDA:1,(anonymous_0)
FNDA:3,(anonymous_1)
FNDA:1,(anonymous_2)
FNDA:2,(anonymous_3)
FNDA:0,(anonymous_4)
FNDA:1,(anonymous_5)
FNDA:1,(anonymous_6)
FNDA:3,(anonymous_7)
FNDA:1,(anonymous_8)
FNDA:2,(anonymous_9)
FNDA:2,(anonymous_10)
DA:4,1
DA:9,3
DA:10,3
DA:15,1
DA:18,2
DA:27,0
DA:28,0
DA:33,1
DA:38,1
DA:49,3
DA:50,1
DA:52,2
DA:53,1
DA:58,1
DA:59,1
DA:64,2
DA:69,2
DA:70,1
DA:72,1
DA:76,1
LF:20
LH:18
BRDA:18,0,0,0
BRDA:18,0,1,2
BRDA:27,1,0,0
BRDA:27,1,1,0
BRDA:49,2,0,1
BRDA:49,2,1,2
BRDA:52,3,0,1
BRDA:52,3,1,1
BRDA:69,4,0,1
BRDA:69,4,1,1
BRF:10
BRH:7
end_of_record
TN:
SF:src\userService.js
FN:2,(anonymous_0)
FN:6,(anonymous_1)
FNF:2
FNH:2
FNDA:2,(anonymous_0)
FNDA:2,(anonymous_1)
DA:3,2
DA:7,2
DA:8,2
DA:9,1
DA:11,1
DA:15,1
LF:6
LH:6
BRDA:8,0,0,1
BRDA:8,0,1,1
BRF:2
BRH:2
end_of_record
TN:
SF:src\utilitarios.js
FN:2,(anonymous_0)
FN:6,(anonymous_1)
FN:10,(anonymous_2)
FN:14,(anonymous_3)
FN:18,(anonymous_4)
FN:22,(anonymous_5)
FN:26,(anonymous_6)
FN:30,(anonymous_7)
FN:34,(anonymous_8)
FN:39,(anonymous_9)
FN:43,(anonymous_10)
FN:47,(anonymous_11)
FN:51,(anonymous_12)
FN:55,(anonymous_13)
FN:59,(anonymous_14)
FN:63,(anonymous_15)
FN:67,(anonymous_16)
FN:71,(anonymous_17)
FN:75,(anonymous_18)
FN:79,(anonymous_19)
FN:83,(anonymous_20)
FN:87,(anonymous_21)
FN:89,(anonymous_22)
FN:92,(anonymous_23)
FN:96,(anonymous_24)
FN:101,(anonymous_25)
FNF:26
FNH:26
FNDA:1,(anonymous_0)
FNDA:1,(anonymous_1)
FNDA:1,(anonymous_2)
FNDA:1,(anonymous_3)
FNDA:1,(anonymous_4)
FNDA:1,(anonymous_5)
FNDA:1,(anonymous_6)
FNDA:1,(anonymous_7)
FNDA:2,(anonymous_8)
FNDA:2,(anonymous_9)
FNDA:1,(anonymous_10)
FNDA:1,(anonymous_11)
FNDA:1,(anonymous_12)
FNDA:1,(anonymous_13)
FNDA:1,(anonymous_14)
FNDA:1,(anonymous_15)
FNDA:2,(anonymous_16)
FNDA:1,(anonymous_17)
FNDA:1,(anonymous_18)
FNDA:2,(anonymous_19)
FNDA:1,(anonymous_20)
FNDA:2,(anonymous_21)
FNDA:3,(anonymous_22)
FNDA:1,(anonymous_23)
FNDA:1,(anonymous_24)
FNDA:1,(anonymous_25)
DA:3,1
DA:7,1
DA:11,1
DA:15,1
DA:19,1
DA:23,1
DA:27,1
DA:31,1
DA:35,2
DA:36,1
DA:40,2
DA:44,1
DA:48,1
DA:52,1
DA:56,1
DA:60,1
DA:64,1
DA:68,2
DA:72,1
DA:76,1
DA:80,2
DA:84,1
DA:88,2
DA:89,3
DA:93,1
DA:97,1
DA:98,1
DA:102,1
DA:106,1
LF:29
LH:29
BRDA:35,0,0,1
BRDA:35,0,1,1
BRDA:63,1,0,0
BRDA:68,2,0,2
BRDA:68,2,1,2
BRDA:79,3,0,1
BRDA:88,4,0,1
BRDA:88,4,1,1
BRF:8
BRH:7
end_of_record
